Log file open, 12/16/18 16:14:51
LogWindows: Failed to load 'aqProf.dll' (GetLastError=126)
LogWindows: File 'aqProf.dll' does not exist
LogWindows: Failed to load 'VtuneApi.dll' (GetLastError=126)
LogWindows: File 'VtuneApi.dll' does not exist
LogWindows: Failed to load 'VtuneApi32e.dll' (GetLastError=126)
LogWindows: File 'VtuneApi32e.dll' does not exist
LogInit: Display: Running engine for game: Mankind
LogPlatformFile: Not using cached read wrapper
LogTaskGraph: Started task graph with 5 named threads and 59 total threads with 3 sets of task threads.
LogStats: Stats thread started at 0.671401
LogD3D11RHI: Loaded GFSDK_Aftermath_Lib.x64.dll
LogICUInternationalization: Display: ICU TimeZone Detection - Raw Offset: +9:00, Platform Override: ''
LogPluginManager: Mounting plugin Paper2D
LogPluginManager: Mounting plugin AISupport
LogPluginManager: Mounting plugin LightPropagationVolume
LogPluginManager: Mounting plugin CLionSourceCodeAccess
LogPluginManager: Mounting plugin CodeLiteSourceCodeAccess
LogPluginManager: Mounting plugin GitSourceControl
LogPluginManager: Mounting plugin KDevelopSourceCodeAccess
LogPluginManager: Mounting plugin NullSourceCodeAccess
LogPluginManager: Mounting plugin PerforceSourceControl
LogPluginManager: Mounting plugin SubversionSourceControl
LogPluginManager: Mounting plugin UObjectPlugin
LogPluginManager: Mounting plugin VisualStudioCodeSourceCodeAccess
LogPluginManager: Mounting plugin VisualStudioSourceCodeAccess
LogPluginManager: Mounting plugin XCodeSourceCodeAccess
LogPluginManager: Mounting plugin AssetManagerEditor
LogPluginManager: Mounting plugin CryptoKeys
LogPluginManager: Mounting plugin DataValidation
LogPluginManager: Mounting plugin FacialAnimation
LogPluginManager: Mounting plugin GameplayTagsEditor
LogPluginManager: Mounting plugin MacGraphicsSwitching
LogPluginManager: Mounting plugin MeshEditor
LogPluginManager: Mounting plugin MobileLauncherProfileWizard
LogPluginManager: Mounting plugin PluginBrowser
LogPluginManager: Mounting plugin SpeedTreeImporter
LogPluginManager: Mounting plugin DatasmithContent
LogPluginManager: Mounting plugin AlembicImporter
LogPluginManager: Mounting plugin AppleImageUtils
LogPluginManager: Mounting plugin AppleVision
LogPluginManager: Mounting plugin BackChannel
LogPluginManager: Mounting plugin CharacterAI
LogPluginManager: Mounting plugin GeometryCache
LogPluginManager: Mounting plugin HTML5Networking
LogPluginManager: Mounting plugin ProxyLODPlugin
LogPluginManager: Mounting plugin MagicLeap
LogPluginManager: Mounting plugin MagicLeapEmulator
LogPluginManager: Mounting plugin MagicLeapMedia
LogPluginManager: Mounting plugin AndroidMedia
LogPluginManager: Mounting plugin AvfMedia
LogPluginManager: Mounting plugin ImgMedia
LogPluginManager: Mounting plugin LinearTimecode
LogPluginManager: Mounting plugin MediaCompositing
LogPluginManager: Mounting plugin MediaPlayerEditor
LogPluginManager: Mounting plugin WmfMedia
LogPluginManager: Mounting plugin TcpMessaging
LogPluginManager: Mounting plugin UdpMessaging
LogPluginManager: Mounting plugin ActorSequence
LogPluginManager: Mounting plugin LevelSequenceEditor
LogPluginManager: Mounting plugin MatineeToLevelSequence
LogPluginManager: Mounting plugin NetcodeUnitTest
LogPluginManager: Mounting plugin NUTUnrealEngine4
LogPluginManager: Mounting plugin OnlineSubsystemGooglePlay
LogPluginManager: Mounting plugin OnlineSubsystemIOS
LogPluginManager: Mounting plugin OnlineSubsystem
LogPluginManager: Mounting plugin OnlineSubsystemNull
LogPluginManager: Mounting plugin OnlineSubsystemUtils
LogPluginManager: Mounting plugin LauncherChunkInstaller
LogPluginManager: Mounting plugin AndroidDeviceProfileSelector
LogPluginManager: Mounting plugin AndroidMoviePlayer
LogPluginManager: Mounting plugin AndroidPermission
LogPluginManager: Mounting plugin AppleMoviePlayer
LogPluginManager: Mounting plugin ArchVisCharacter
LogPluginManager: Mounting plugin AudioCapture
LogPluginManager: Mounting plugin CableComponent
LogPluginManager: Mounting plugin CustomMeshComponent
LogPluginManager: Mounting plugin EditableMesh
LogPluginManager: Mounting plugin ExampleDeviceProfileSelector
LogPluginManager: Mounting plugin GoogleCloudMessaging
LogPluginManager: Mounting plugin ImmediatePhysics
LogPluginManager: Mounting plugin IOSDeviceProfileSelector
LogPluginManager: Mounting plugin LinuxDeviceProfileSelector
LogPluginManager: Mounting plugin LocationServicesBPLibrary
LogPluginManager: Mounting plugin MobilePatchingUtils
LogPluginManager: Mounting plugin OculusVR
LogPluginManager: Plugin shader directory ../../../Engine/Plugins/Runtime/Oculus/OculusVR/Shaders found
LogPluginManager: Mapping shader source directory ../../../Engine/Plugins/Runtime/Oculus/OculusVR/Shaders to virtual directory /Plugin/OculusVR
LogPluginManager: Mounting plugin PhysXVehicles
LogPluginManager: Mounting plugin ProceduralMeshComponent
LogPluginManager: Mounting plugin RuntimePhysXCooking
LogPluginManager: Mounting plugin SteamVR
LogPluginManager: Mounting plugin WindowsMoviePlayer
LogStreaming: Display: Took  0.132s to configure plugins.
LogInit: Using libcurl 7.55.1-DEV
LogInit:  - built for x86_64-pc-win32
LogInit:  - supports SSL with OpenSSL/1.0.2h
LogInit:  - supports HTTP deflate (compression) using libz 1.2.8
LogInit:  - other features:
LogInit:      CURL_VERSION_SSL
LogInit:      CURL_VERSION_LIBZ
LogInit:      CURL_VERSION_IPV6
LogInit:      CURL_VERSION_ASYNCHDNS
LogInit:      CURL_VERSION_LARGEFILE
LogInit:      CURL_VERSION_IDN
LogInit:  CurlRequestOptions (configurable via config and command line):
LogInit:  - bVerifyPeer = false  - Libcurl will NOT verify peer certificate
LogInit:  - bUseHttpProxy = false  - Libcurl will NOT use HTTP proxy
LogInit:  - bDontReuseConnections = false  - Libcurl will reuse connections
LogInit:  - CertBundlePath = nullptr  - Libcurl will use whatever was configured at build time.
LogInit:  - MaxHostConnections = 16  - Libcurl will limit the number of connections to a host
LogInit:  - LocalHostAddr = Default
LogInit:  - BufferSize = 65536
LogInit: WinSock: version 1.1 (2.2), MaxSocks=32767, MaxUdp=65467
LogInit: Build: ++UE4+Release-4.20-CL-4369336
LogInit: Engine Version: 4.20.3-4369336+++UE4+Release-4.20
LogInit: Compatible Engine Version: 4.20.0-4212847+++UE4+Release-4.20
LogInit: Net CL: 4212847
LogInit: OS: Windows 10 (), CPU: Intel(R) Core(TM) i7-6950X CPU @ 3.00GHz, GPU: NVIDIA GeForce GTX 980 Ti
LogInit: Compiled (64-bit): Sep 17 2018 12:26:19
LogInit: Compiled with Visual C++: 19.13.26129.00
LogInit: Build Configuration: Development
LogInit: Branch Name: ++UE4+Release-4.20
LogInit: Command Line:  
LogInit: Base Directory: D:/Developments/Utilities/Epic Games/Unreal Engine/UE_4.20/Engine/Binaries/Win64/
LogInit: Installed Engine Build: 1
LogDevObjectVersion: Number of dev versions registered: 20
LogDevObjectVersion:   Dev-Blueprints (B0D832E4-1F89-4F0D-ACCF-7EB736FD4AA2): 10
LogDevObjectVersion:   Dev-Build (E1C64328-A22C-4D53-A36C-8E866417BD8C): 0
LogDevObjectVersion:   Dev-Core (375EC13C-06E4-48FB-B500-84F0262A717E): 2
LogDevObjectVersion:   Dev-Editor (E4B068ED-F494-42E9-A231-DA0B2E46BB41): 24
LogDevObjectVersion:   Dev-Framework (CFFC743F-43B0-4480-9391-14DF171D2073): 34
LogDevObjectVersion:   Dev-Mobile (B02B49B5-BB20-44E9-A304-32B752E40360): 2
LogDevObjectVersion:   Dev-Networking (A4E4105C-59A1-49B5-A7C5-40C4547EDFEE): 0
LogDevObjectVersion:   Dev-Online (39C831C9-5AE6-47DC-9A44-9C173E1C8E7C): 0
LogDevObjectVersion:   Dev-Physics (78F01B33-EBEA-4F98-B9B4-84EACCB95AA2): 0
LogDevObjectVersion:   Dev-Platform (6631380F-2D4D-43E0-8009-CF276956A95A): 0
LogDevObjectVersion:   Dev-Rendering (12F88B9F-8875-4AFC-A67C-D90C383ABD29): 26
LogDevObjectVersion:   Dev-Sequencer (7B5AE74C-D270-4C10-A958-57980B212A5A): 9
LogDevObjectVersion:   Dev-VR (D7296918-1DD6-4BDD-9DE2-64A83CC13884): 2
LogDevObjectVersion:   Dev-LoadTimes (C2A15278-BFE7-4AFE-6C17-90FF531DF755): 1
LogDevObjectVersion:   Private-Geometry (6EACA3D4-40EC-4CC1-B786-8BED09428FC5): 3
LogDevObjectVersion:   Dev-AnimPhys (29E575DD-E0A3-4627-9D10-D276232CDCEA): 17
LogDevObjectVersion:   Dev-ReflectionCapture (6B266CEC-1EC7-4B8F-A30B-E4D90942FC07): 1
LogDevObjectVersion:   Dev-Automation (0DF73D61-A23F-47EA-B727-89E90C41499A): 1
LogDevObjectVersion:   FortniteMain (601D1886-AC64-4F84-AA16-D3DE0DEAC7D6): 12
LogDevObjectVersion:   Dev-Enterprise (9DFFBCD6-494F-0158-E221-12823C92A888): 1
LogStreaming: Display: Took  0.001s to delete old logs.
LogInit: Presizing for max 8388607 objects, including 0 objects not considered by GC, pre-allocating 0 bytes for permanent pool.
LogInit: Object subsystem initialized
[2018.12.16-07.14.52:214][  0]LogInit: Selected Device Profile: [Windows]
[2018.12.16-07.14.52:214][  0]LogInit: Applying CVar settings loaded from the selected device profile: [Windows]
[2018.12.16-07.14.52:229][  0]LogHAL: Display: Platform has ~ 32 GB [34266054656 / 34359738368 / 32], which maps to Largest [LargestMinGB=32, LargerMinGB=12, DefaultMinGB=8, SmallerMinGB=6, SmallestMinGB=0)
[2018.12.16-07.14.52:229][  0]LogInit: Setting Device Profile CVar: [[r.Vulkan.UseRealUBs:1]]
[2018.12.16-07.14.52:229][  0]LogInit: Going up to parent DeviceProfile []
[2018.12.16-07.14.52:230][  0]LogInit: Computer: NCPDT-MPC
[2018.12.16-07.14.52:230][  0]LogInit: User: JunHyeokLim
[2018.12.16-07.14.52:230][  0]LogInit: CPU Page size=4096, Cores=10
[2018.12.16-07.14.52:230][  0]LogInit: High frequency timer resolution =2.929686 MHz
[2018.12.16-07.14.52:230][  0]LogMemory: Memory total: Physical=31.9GB (32GB approx)
[2018.12.16-07.14.52:230][  0]LogMemory: Platform Memory Stats for Windows
[2018.12.16-07.14.52:230][  0]LogMemory: Process Physical Memory: 103.93 MB used, 103.93 MB peak
[2018.12.16-07.14.52:230][  0]LogMemory: Process Virtual Memory: 92.04 MB used, 92.04 MB peak
[2018.12.16-07.14.52:230][  0]LogMemory: Physical Memory: 6764.50 MB used,  25914.16 MB free, 32678.66 MB total
[2018.12.16-07.14.52:230][  0]LogMemory: Virtual Memory: 598.86 MB used,  25914.16 MB free, 134217728.00 MB total
[2018.12.16-07.14.52:256][  0]LogInit: Using OS detected language (ko-KR).
[2018.12.16-07.14.52:256][  0]LogInit: Using OS detected locale (ko-KR).
[2018.12.16-07.14.52:257][  0]LogTextLocalizationManager: No specific localization for 'ko-KR' exists, so the 'ko' localization will be used.
[2018.12.16-07.14.52:656][  0]LogStreaming: Display: Took  0.400s to InitEngineTextLocalization.
[2018.12.16-07.14.52:657][  0]LogInit: Setting process to per monitor DPI aware
[2018.12.16-07.14.52:708][  0]LogSlate: New Slate User Created.  User Index 0, Is Virtual User: 0
[2018.12.16-07.14.52:708][  0]LogSlate: Slate User Registered.  User Index 0, Is Virtual User: 0
[2018.12.16-07.14.53:036][  0]LogHMD: Failed to initialize OpenVR with code 126
[2018.12.16-07.14.53:036][  0]LogD3D11RHI: D3D11 adapters:
[2018.12.16-07.14.53:110][  0]LogD3D11RHI:    0. 'NVIDIA GeForce GTX 980 Ti' (Feature Level 11_0)
[2018.12.16-07.14.53:110][  0]LogD3D11RHI:       6097/0/16339 MB DedicatedVideo/DedicatedSystem/SharedSystem, Outputs:1, VendorId:0x10de
[2018.12.16-07.14.53:113][  0]LogD3D11RHI:    1. 'Microsoft Basic Render Driver' (Feature Level 11_0)
[2018.12.16-07.14.53:113][  0]LogD3D11RHI:       0/0/16339 MB DedicatedVideo/DedicatedSystem/SharedSystem, Outputs:0, VendorId:0x1414
[2018.12.16-07.14.53:113][  0]LogD3D11RHI: Chosen D3D11 Adapter: 0
[2018.12.16-07.14.53:119][  0]LogD3D11RHI: Creating new Direct3DDevice
[2018.12.16-07.14.53:119][  0]LogD3D11RHI:     GPU DeviceId: 0x17c8 (for the marketing name, search the web for "GPU Device Id")
[2018.12.16-07.14.53:119][  0]LogWindows: EnumDisplayDevices:
[2018.12.16-07.14.53:119][  0]LogWindows:    0. 'NVIDIA GeForce GTX 980 Ti' (P:1 D:1)
[2018.12.16-07.14.53:120][  0]LogWindows:    1. 'NVIDIA GeForce GTX 980 Ti' (P:0 D:0)
[2018.12.16-07.14.53:121][  0]LogWindows:    2. 'NVIDIA GeForce GTX 980 Ti' (P:0 D:0)
[2018.12.16-07.14.53:122][  0]LogWindows:    3. 'NVIDIA GeForce GTX 980 Ti' (P:0 D:0)
[2018.12.16-07.14.53:122][  0]LogWindows: DebugString: FoundDriverCount:4 
[2018.12.16-07.14.53:122][  0]LogD3D11RHI:     Adapter Name: NVIDIA GeForce GTX 980 Ti
[2018.12.16-07.14.53:122][  0]LogD3D11RHI:   Driver Version: 398.36 (internal:24.21.13.9836, unified:398.36)
[2018.12.16-07.14.53:122][  0]LogD3D11RHI:      Driver Date: 6-24-2018
[2018.12.16-07.14.53:122][  0]LogRHI: Texture pool is 4268 MB (70% of 6097 MB)
[2018.12.16-07.14.53:162][  0]LogD3D11RHI: Async texture creation enabled
[2018.12.16-07.14.53:187][  0]LogD3D11RHI: GPU Timing Frequency: 1000.000000 (Debug: 2 2)
[2018.12.16-07.14.53:231][  0]LogShaderCompilers: Guid format shader working directory is 1 characters bigger than the processId version (../../../../../../../Projects/Mankind/Sources/Mankind/Intermediate/Shaders/WorkingDirectory/4100/).
[2018.12.16-07.14.53:231][  0]LogShaderCompilers: Cleaned the shader compiler working directory 'C:/Users/Jun-Hyeok Lim/AppData/Local/Temp/UnrealShaderWorkingDir/C2E6F31745DBACBC1328618A34762908/'.
[2018.12.16-07.14.53:550][  0]LogTemp: Display: Loaded TP AllDesktopTargetPlatform
[2018.12.16-07.14.53:562][  0]LogTemp: Display: Loaded TP MacClientTargetPlatform
[2018.12.16-07.14.53:575][  0]LogTemp: Display: Loaded TP MacNoEditorTargetPlatform
[2018.12.16-07.14.53:588][  0]LogTemp: Display: Loaded TP MacServerTargetPlatform
[2018.12.16-07.14.53:601][  0]LogTemp: Display: Loaded TP MacTargetPlatform
[2018.12.16-07.14.53:613][  0]LogTemp: Display: Loaded TP WindowsClientTargetPlatform
[2018.12.16-07.14.53:626][  0]LogTemp: Display: Loaded TP WindowsNoEditorTargetPlatform
[2018.12.16-07.14.53:638][  0]LogTemp: Display: Loaded TP WindowsServerTargetPlatform
[2018.12.16-07.14.53:644][  0]LogTemp: Display: Loaded TP WindowsTargetPlatform
[2018.12.16-07.14.53:719][  0]LogTemp: Display: Loaded TP AndroidTargetPlatform
[2018.12.16-07.14.53:719][  0]LogTemp: Display: Loaded TP AndroidTargetPlatform
[2018.12.16-07.14.53:719][  0]LogTemp: Display: Loaded TP AndroidTargetPlatform
[2018.12.16-07.14.53:719][  0]LogTemp: Display: Loaded TP AndroidTargetPlatform
[2018.12.16-07.14.53:719][  0]LogTemp: Display: Loaded TP AndroidTargetPlatform
[2018.12.16-07.14.53:719][  0]LogTemp: Display: Loaded TP AndroidTargetPlatform
[2018.12.16-07.14.53:719][  0]LogTemp: Display: Loaded TP AndroidTargetPlatform
[2018.12.16-07.14.53:719][  0]LogTemp: Display: Loaded TP AndroidTargetPlatform
[2018.12.16-07.14.53:719][  0]LogTemp: Display: Loaded TP AndroidTargetPlatform
[2018.12.16-07.14.53:719][  0]LogTemp: Display: Loaded TP AndroidTargetPlatform
[2018.12.16-07.14.53:719][  0]LogTemp: Display: Loaded TP AndroidTargetPlatform
[2018.12.16-07.14.53:719][  0]LogTemp: Display: Loaded TP AndroidTargetPlatform
[2018.12.16-07.14.53:719][  0]LogTemp: Display: Loaded TP AndroidTargetPlatform
[2018.12.16-07.14.53:719][  0]LogTemp: Display: Loaded TP AndroidTargetPlatform
[2018.12.16-07.14.53:719][  0]LogTemp: Display: Loaded TP AndroidTargetPlatform
[2018.12.16-07.14.53:719][  0]LogTemp: Display: Loaded TP AndroidTargetPlatform
[2018.12.16-07.14.53:719][  0]LogTemp: Display: Loaded TP AndroidTargetPlatform
[2018.12.16-07.14.53:719][  0]LogTemp: Display: Loaded TP AndroidTargetPlatform
[2018.12.16-07.14.53:720][  0]LogTemp: Display: Loaded TP HTML5TargetPlatform
[2018.12.16-07.14.53:777][  0]LogTemp: Display: Loaded TP IOSTargetPlatform
[2018.12.16-07.14.53:777][  0]LogTemp: Display: Loaded TP IOSTargetPlatform
[2018.12.16-07.14.53:799][  0]LogTemp: Display: Loaded TP TVOSTargetPlatform
[2018.12.16-07.14.53:799][  0]LogTemp: Display: Loaded TP TVOSTargetPlatform
[2018.12.16-07.14.53:811][  0]LogTemp: Display: Loaded TP LinuxClientTargetPlatform
[2018.12.16-07.14.53:823][  0]LogTemp: Display: Loaded TP LinuxNoEditorTargetPlatform
[2018.12.16-07.14.53:836][  0]LogTemp: Display: Loaded TP LinuxServerTargetPlatform
[2018.12.16-07.14.53:853][  0]LogTemp: Display: Loaded TP LinuxTargetPlatform
[2018.12.16-07.14.53:867][  0]LogTemp: Display: Loaded TP LuminTargetPlatform
[2018.12.16-07.14.53:867][  0]LogTargetPlatformManager: Display: Building Assets For Windows
[2018.12.16-07.14.53:916][  0]LogXGEController: Cleaning working directory: C:/Users/Jun-Hyeok Lim/AppData/Local/Temp/UnrealXGEWorkingDir/
[2018.12.16-07.14.53:916][  0]LogXGEController: Cannot use XGE Controller as Incredibuild is not installed on this machine.
[2018.12.16-07.14.53:917][  0]LogShaderCompilers: Cannot use XGE Shader Compiler as Incredibuild is not installed on this machine.
[2018.12.16-07.14.53:917][  0]LogShaderCompilers: Display: Using Local Shader Compiler.
[2018.12.16-07.14.54:693][  0]LogDerivedDataCache: Display: Max Cache Size: 512 MB
[2018.12.16-07.14.54:743][  0]LogDerivedDataCache: Loaded boot cache 0.05s 71MB C:/Users/Jun-Hyeok Lim/AppData/Local/UnrealEngine/4.20/DerivedDataCache/Boot.ddc.
[2018.12.16-07.14.54:743][  0]LogDerivedDataCache: Display: Loaded Boot cache: C:/Users/Jun-Hyeok Lim/AppData/Local/UnrealEngine/4.20/DerivedDataCache/Boot.ddc
[2018.12.16-07.14.54:743][  0]LogDerivedDataCache: FDerivedDataBackendGraph:  Pak pak cache file ../../../../../../../Projects/Mankind/Sources/Mankind/DerivedDataCache/DDC.ddp not found, will not use a pak cache.
[2018.12.16-07.14.54:743][  0]LogDerivedDataCache: Unable to find inner node Pak for hierarchical cache Hierarchy.
[2018.12.16-07.14.54:743][  0]LogDerivedDataCache: FDerivedDataBackendGraph:  CompressedPak pak cache file ../../../../../../../Projects/Mankind/Sources/Mankind/DerivedDataCache/Compressed.ddp not found, will not use a pak cache.
[2018.12.16-07.14.54:743][  0]LogDerivedDataCache: Unable to find inner node CompressedPak for hierarchical cache Hierarchy.
[2018.12.16-07.14.54:756][  0]LogDerivedDataCache: Display: Pak cache opened for reading ../../../Engine/DerivedDataCache/Compressed.ddp.
[2018.12.16-07.14.54:767][  0]LogDerivedDataCache: Using Local data cache path C:/Users/Jun-Hyeok Lim/AppData/Local/UnrealEngine/Common/DerivedDataCache: Writable
[2018.12.16-07.14.54:767][  0]LogDerivedDataCache: Shared data cache path not found in *engine.ini, will not use an Shared cache.
[2018.12.16-07.14.54:767][  0]LogDerivedDataCache: Unable to find inner node Shared for hierarchical cache Hierarchy.
[2018.12.16-07.14.54:785][  0]LogMaterial: Verifying Global Shaders for PCD3D_SM5
[2018.12.16-07.14.54:786][  0]LogSlate: Using FreeType 2.6.0
[2018.12.16-07.14.54:786][  0]LogSlate: SlateFontServices - WITH_FREETYPE: 1, WITH_HARFBUZZ: 1
[2018.12.16-07.14.54:862][  0]LogAssetRegistry: FAssetRegistry took 0.0251 seconds to start up
[2018.12.16-07.14.55:170][  0]LogInit: Selected Device Profile: [Windows]
[2018.12.16-07.14.55:300][  0]LogSimplygon: Simplygon DLL not present - disabling.
[2018.12.16-07.14.55:303][  0]LogMeshReduction: Using SimplygonSwarm for distributed automatic mesh merging
[2018.12.16-07.14.55:303][  0]LogMeshReduction: Using ProxyLODMeshReduction for automatic mesh merging
[2018.12.16-07.14.55:303][  0]LogMeshReduction: Using QuadricMeshReduction for automatic static mesh reduction
[2018.12.16-07.14.55:303][  0]LogMeshReduction: No automatic skeletal mesh reduction module available
[2018.12.16-07.14.55:318][  0]LogNetVersion: Mankind 1.0.0, NetCL: 4212847, EngineNetVer: 5, GameNetVer: 0 (Checksum: 2155713457)
[2018.12.16-07.14.55:747][  0]LogPackageLocalizationCache: Processed 11 localized package path(s) for 2 prioritized culture(s) in 0.075573 seconds
[2018.12.16-07.14.55:752][  0]LogUObjectArray: 38425 objects as part of root set at end of initial load.
[2018.12.16-07.14.55:752][  0]LogUObjectAllocator: 6690864 out of 0 bytes used by permanent object pool.
[2018.12.16-07.14.55:752][  0]LogUObjectArray: CloseDisregardForGC: 0/0 objects in disregard for GC pool
[2018.12.16-07.14.56:563][  0]LogTcpMessaging: Initializing TcpMessaging bridge
[2018.12.16-07.14.56:576][  0]LogUdpMessaging: Initializing bridge on interface 0.0.0.0:0 to multicast group 230.0.0.1:6666.
[2018.12.16-07.14.56:722][  0]SourceControl: 소스 컨트롤이 꺼졌습니다.
[2018.12.16-07.14.56:722][  0]SourceControl: 소스 컨트롤이 꺼졌습니다.
[2018.12.16-07.14.56:724][  0]SourceControl: 소스 컨트롤이 꺼졌습니다.
[2018.12.16-07.14.56:725][  0]SourceControl: 소스 컨트롤이 꺼졌습니다.
[2018.12.16-07.14.56:871][  0]LogAndroidPermission: UAndroidPermissionCallbackProxy::GetInstance
[2018.12.16-07.14.56:966][  0]LogOcInput: OculusInput pre-init called
[2018.12.16-07.14.57:019][  0]LogEngine: Initializing Engine...
[2018.12.16-07.14.57:041][  0]LogHMD: Failed to initialize OpenVR with code 126
[2018.12.16-07.14.57:043][  0]LogStats: UGameplayTagsManager::ConstructGameplayTagTree: ImportINI prefixes -  0.000 s
[2018.12.16-07.14.57:043][  0]LogStats: UGameplayTagsManager::ConstructGameplayTagTree: Construct from data asset -  0.000 s
[2018.12.16-07.14.57:043][  0]LogStats: UGameplayTagsManager::ConstructGameplayTagTree: ImportINI -  0.000 s
[2018.12.16-07.14.57:043][  0]LogStats: UGameplayTagsManager::ConstructGameplayTagTree: GameplayTagTreeChangedEvent.Broadcast -  0.000 s
[2018.12.16-07.14.57:227][  0]LogInit: Initializing FReadOnlyCVARCache
[2018.12.16-07.14.57:235][  0]LogAIModule: Creating AISystem for world Untitled
[2018.12.16-07.14.57:268][  0]LogInit: XAudio2 using '스피커(Realtek High Definition Audio)' : 2 channels at 48 kHz using 32 bits per sample (channel mask 0x3)
[2018.12.16-07.14.57:340][  0]LogInit: FAudioDevice initialized.
[2018.12.16-07.14.57:340][  0]LogNetVersion: Set ProjectVersion to 1.0.0.0. Version Checksum will be recalculated on next use.
[2018.12.16-07.14.57:382][  0]LogDerivedDataCache: Saved boot cache 0.04s 71MB C:/Users/Jun-Hyeok Lim/AppData/Local/UnrealEngine/4.20/DerivedDataCache/Boot.ddc.
[2018.12.16-07.14.57:388][  0]LogInit: Texture streaming: Enabled
[2018.12.16-07.14.57:400][  0]LogEngineSessionManager: EngineSessionManager initialized
[2018.12.16-07.14.57:410][  0]LogInit: Transaction tracking system initialized
[2018.12.16-07.14.57:424][  0]BlueprintLog: New page: 에디터 로드
[2018.12.16-07.14.57:477][  0]LocalizationService: 현지화 서비스가 비활성화되었습니다.
[2018.12.16-07.14.57:685][  0]LogCook: Display: Max memory allowance for cook 16384mb min free memory 0mb
[2018.12.16-07.14.57:685][  0]LogCook: Display: Mobile HDR setting 1
[2018.12.16-07.14.57:685][  0]LogGameplayTags: Display: UGameplayTagsManager::DoneAddingNativeTags. DelegateIsBound: 0
[2018.12.16-07.14.57:685][  0]LogStats: UGameplayTagsManager::ConstructGameplayTagTree: ImportINI prefixes -  0.000 s
[2018.12.16-07.14.57:685][  0]LogStats: UGameplayTagsManager::ConstructGameplayTagTree: Construct from data asset -  0.000 s
[2018.12.16-07.14.57:685][  0]LogStats: UGameplayTagsManager::ConstructGameplayTagTree: ImportINI -  0.000 s
[2018.12.16-07.14.57:685][  0]LogStats: UGameplayTagsManager::ConstructGameplayTagTree: GameplayTagTreeChangedEvent.Broadcast -  0.000 s
[2018.12.16-07.14.57:780][  0]LogFileCache: Scanning file cache for directory 'D:/Developments/Projects/Mankind/Sources/Mankind/Content/' took 0.02s
[2018.12.16-07.14.57:780][  0]SourceControl: 소스 컨트롤이 꺼졌습니다.
[2018.12.16-07.14.57:780][  0]Cmd: MAP LOAD FILE="../../../../../../../Projects/Mankind/Sources/Mankind/Content/Maps/Alpha.umap" TEMPLATE=0 SHOWPROGRESS=1 FEATURELEVEL=3
[2018.12.16-07.14.57:780][  0]LightingResults: New page: 라이팅 빌드
[2018.12.16-07.14.57:782][  0]MapCheck: New page: 맵 체크
[2018.12.16-07.14.57:782][  0]LightingResults: New page: 라이팅 빌드
[2018.12.16-07.14.59:097][  0]LogAIModule: Creating AISystem for world Alpha
[2018.12.16-07.14.59:312][  0]LogEditorServer: Finished looking for orphan Actors (0.000 secs)
[2018.12.16-07.14.59:357][  0]Cmd: MAP CHECKDEP NOCLEARLOG
[2018.12.16-07.14.59:423][  0]MapCheck: 맵 체크 완료: 오류 0 회, 경고 0 회, 소요 시간 65.946ms.
[2018.12.16-07.14.59:423][  0]LogFileHelpers: Loading map 'Alpha' took 1.643
[2018.12.16-07.14.59:497][  0]LogWindowsTextInputMethodSystem: Display: IME system now activated using TSF (Microsoft 입력기).
[2018.12.16-07.14.59:498][  0]LogWindowsTextInputMethodSystem: Display: IME system now activated using TSF (Microsoft 입력기).
[2018.12.16-07.14.59:527][  0]LogSlate: Updating window title bar state: overlay mode, drag disabled, window buttons hidden, title bar hidden
[2018.12.16-07.14.59:533][  0]LogSlate: Updating window title bar state: overlay mode, drag disabled, window buttons hidden, title bar hidden
[2018.12.16-07.14.59:541][  0]LogSlate: Updating window title bar state: overlay mode, drag disabled, window buttons hidden, title bar hidden
[2018.12.16-07.14.59:547][  0]LogSlate: Updating window title bar state: overlay mode, drag disabled, window buttons hidden, title bar hidden
[2018.12.16-07.14.59:552][  0]LogCollectionManager: Loaded 0 collections in 0.000856 seconds
[2018.12.16-07.14.59:591][  0]LogFileCache: Scanning file cache for directory 'D:/Developments/Projects/Mankind/Sources/Mankind/Saved/Collections/' took 0.01s
[2018.12.16-07.14.59:591][  0]LogFileCache: Scanning file cache for directory 'D:/Developments/Projects/Mankind/Sources/Mankind/Content/Developers/JunHyeokLim/Collections/' took 0.01s
[2018.12.16-07.14.59:591][  0]LogFileCache: Scanning file cache for directory 'D:/Developments/Projects/Mankind/Sources/Mankind/Content/Collections/' took 0.01s
[2018.12.16-07.14.59:591][  0]LogCollectionManager: Rebuilt the GUID cache for 0 collections in 0.000001 seconds
[2018.12.16-07.14.59:600][  0]LogContentBrowser: Native class hierarchy populated in 0.0088 seconds. Added 2572 classes and 603 folders.
[2018.12.16-07.14.59:604][  0]LogContentBrowser: Native class hierarchy updated for 'WidgetCarousel' in 0.0002 seconds. Added 0 classes and 0 folders.
[2018.12.16-07.14.59:646][  0]LogContentBrowser: Native class hierarchy updated for 'AddContentDialog' in 0.0002 seconds. Added 0 classes and 0 folders.
[2018.12.16-07.14.59:651][  0]LogContentBrowser: Native class hierarchy updated for 'SceneOutliner' in 0.0002 seconds. Added 1 classes and 2 folders.
[2018.12.16-07.15.00:740][  0]LogSlate: Only BGRA pngs, bmps or icos are supported in by External Image Picker
[2018.12.16-07.15.00:803][  0]LogTemp: Executing iPhonePackager certificates Engine -bundlename com.YourCompany.Mankind
[2018.12.16-07.15.00:803][  0]LogTemp: CWD: D:\Developments\Utilities\Epic Games\Unreal Engine\UE_4.20\Engine\Binaries\DotNET\IOS
[2018.12.16-07.15.00:803][  0]LogTemp: Initial Dir: D:\Developments\Utilities\Epic Games\Unreal Engine\UE_4.20
[2018.12.16-07.15.00:803][  0]LogTemp: Env CWD: D:\Developments\Utilities\Epic Games\Unreal Engine\UE_4.20\Engine\Binaries\DotNET\IOS
[2018.12.16-07.15.00:803][  0]LogTemp: BranchPath = NCPDT-MPC/D/Developments/Utilities/Epic Games/Unreal Engine/UE_4.20/Engine/Binaries --- GameBranchPath = NCPDT-MPC/D/Developments/Utilities/Epic Games/Unreal Engine/UE_4.20/Engine/Binaries
[2018.12.16-07.15.00:803][  0]LogContentBrowser: Native class hierarchy updated for 'HierarchicalLODOutliner' in 0.0003 seconds. Added 0 classes and 0 folders.
[2018.12.16-07.15.00:803][  0]LogLoad: (Engine Initialization) Total time: 11.05 seconds
[2018.12.16-07.15.00:803][  0]LogLoad: (Engine Initialization) Total Blueprint compile time: 0.00 seconds
[2018.12.16-07.15.00:830][  0]LogTemp: IPP ERROR: Could not find provision directory 'C:\Users\Jun-Hyeok Lim\AppData\Local/Apple Computer/MobileDevice/Provisioning Profiles/'.
[2018.12.16-07.15.00:852][  0]LogContentStreaming: Texture pool size now 1000 MB
[2018.12.16-07.15.00:856][  0]LogSlate: Took 0.000204 seconds to synchronously load lazily loaded font '../../../Engine/Content/Slate/Fonts/Roboto-Regular.ttf' (155K)
[2018.12.16-07.15.00:858][  0]LogSlate: Took 0.002071 seconds to synchronously load lazily loaded font '../../../Engine/Content/Editor/Slate/Fonts/NanumGothic.ttf' (4243K)
[2018.12.16-07.15.00:862][  0]LogRenderer: Reallocating scene render targets to support 64x64 Format 10 NumSamples 1 (Frame:1).
[2018.12.16-07.15.00:862][  0]LogSlate: Took 0.002077 seconds to synchronously load lazily loaded font '../../../Engine/Content/Editor/Slate/Fonts/NanumGothicBold.ttf' (4188K)
[2018.12.16-07.15.00:863][  0]LogSlate: Took 0.000160 seconds to synchronously load lazily loaded font '../../../Engine/Content/Slate/Fonts/Roboto-Bold.ttf' (160K)
[2018.12.16-07.15.00:865][  0]LogSlate: Took 0.000159 seconds to synchronously load lazily loaded font '../../../Engine/Content/Editor/Slate/Fonts/FontAwesome.ttf' (139K)
[2018.12.16-07.15.00:955][  0]LogRenderer: Reallocating scene render targets to support 1088x404 Format 10 NumSamples 1 (Frame:1).
[2018.12.16-07.15.00:955][  0]LogSlate: Took 0.000242 seconds to synchronously load lazily loaded font '../../../Engine/Content/Slate/Fonts/Roboto-Light.ttf' (167K)
[2018.12.16-07.15.01:019][  2]LogAssetRegistry: Asset discovery search completed in 6.1782 seconds
[2018.12.16-07.15.01:021][  2]LogCollectionManager: Rebuilt the object cache for 0 collections in 0.000000 seconds (found 0 objects)
[2018.12.16-07.15.01:021][  2]LogCollectionManager: Fixed up redirectors for 0 collections in 0.000049 seconds (updated 0 objects)
[2018.12.16-07.15.01:845][ 95]LogSlate: Took 0.000174 seconds to synchronously load lazily loaded font '../../../Engine/Content/Slate/Fonts/Roboto-Light.ttf' (167K)
[2018.12.16-07.15.01:847][ 95]LogSlate: FSceneViewport::OnFocusLost() reason 2
[2018.12.16-07.15.01:852][ 95]LogAssetEditorManager: Opening Asset editor for Blueprint /Game/Scripts/Blueprints/Classes/HoverWheel/HoverWheelBP.HoverWheelBP
[2018.12.16-07.15.02:283][ 95]LogContentBrowser: Native class hierarchy updated for 'BlueprintGraph' in 0.0006 seconds. Added 116 classes and 0 folders.
[2018.12.16-07.15.03:404][ 95]LogAssetEditorManager: Opening Asset editor for Blueprint /Game/Scripts/Blueprints/Classes/Environments/World/WallBP_ChargingStation.WallBP_ChargingStation
[2018.12.16-07.15.03:796][ 95]LogAssetEditorManager: Opening Asset editor for Blueprint /Game/Scripts/Blueprints/Classes/Environments/World/WallBP_Top.WallBP_Top
[2018.12.16-07.15.04:123][ 95]LogAssetEditorManager: Opening Asset editor for Blueprint /Game/Scripts/Blueprints/Classes/Environments/World/WallBP_HoverWheelStation.WallBP_HoverWheelStation
[2018.12.16-07.15.04:454][ 95]LogAssetEditorManager: Opening Asset editor for Blueprint /Game/Scripts/Blueprints/Classes/Player/PlayerBP.PlayerBP
[2018.12.16-07.15.05:253][ 95]LogAssetEditorManager: Opening Asset editor for StaticMesh /Game/Maps/Props_Alpha/Doors/Wall_Door_Frame.Wall_Door_Frame
[2018.12.16-07.15.05:655][ 95]LogAssetEditorManager: Opening Asset editor for StaticMesh /Game/Resources/Assets/HoverWheel/Meshes/HoverWheel_Body.HoverWheel_Body
[2018.12.16-07.15.06:036][ 95]LogRenderer: Reallocating scene render targets to support 1088x620 Format 10 NumSamples 1 (Frame:1).
[2018.12.16-07.15.06:071][ 95]LogSlate: Took 0.000220 seconds to synchronously load lazily loaded font '../../../Engine/Content/Slate/Fonts/Roboto-Italic.ttf' (157K)
[2018.12.16-07.15.08:037][296]LogSlate: Took 0.000218 seconds to synchronously load lazily loaded font '../../../Engine/Content/Slate/Fonts/Roboto-BoldCondensed.ttf' (158K)
[2018.12.16-07.15.09:380][428]LogActorComponent: UnregisterComponent: (/Engine/Transient.EditorFloorComp) Not registered. Aborting.
[2018.12.16-07.15.10:052][495]LogSlate: Window 'WallBP_ChargingStation' being destroyed
[2018.12.16-07.15.10:059][495]LogActorComponent: UnregisterComponent: (/Engine/Transient.EditorFloorComp) Not registered. Aborting.
[2018.12.16-07.15.11:329][611]LogRenderer: Reallocating scene render targets to support 1088x912 Format 10 NumSamples 1 (Frame:476).
[2018.12.16-07.19.29:149][272]LogSlate: FSceneViewport::OnFocusLost() reason 0
[2018.12.16-07.19.29:280][281]LogRenderer: Reallocating scene render targets to support 1112x912 Format 10 NumSamples 1 (Frame:3907).
[2018.12.16-07.19.29:318][282]LogRenderer: Reallocating scene render targets to support 1196x912 Format 10 NumSamples 1 (Frame:3909).
[2018.12.16-07.19.29:362][283]LogRenderer: Reallocating scene render targets to support 1320x912 Format 10 NumSamples 1 (Frame:3911).
[2018.12.16-07.19.29:411][284]LogRenderer: Reallocating scene render targets to support 1408x912 Format 10 NumSamples 1 (Frame:3913).
[2018.12.16-07.19.29:451][285]LogRenderer: Reallocating scene render targets to support 1424x912 Format 10 NumSamples 1 (Frame:3915).
[2018.12.16-07.19.29:492][286]LogRenderer: Reallocating scene render targets to support 1428x912 Format 10 NumSamples 1 (Frame:3917).
[2018.12.16-07.19.29:534][287]LogRenderer: Reallocating scene render targets to support 1440x912 Format 10 NumSamples 1 (Frame:3919).
[2018.12.16-07.19.29:577][288]LogRenderer: Reallocating scene render targets to support 1468x912 Format 10 NumSamples 1 (Frame:3921).
[2018.12.16-07.19.29:615][289]LogRenderer: Reallocating scene render targets to support 1520x912 Format 10 NumSamples 1 (Frame:3923).
[2018.12.16-07.19.51:586][865]LogEditorViewport: Clicking on Actor (LMB): HoverWheelBP_C (HoverWheelBP)
[2018.12.16-07.19.58:891][692]Cmd: TRANSACTION UNDO
[2018.12.16-07.19.58:891][692]LogEditorTransaction: Undo 액터 이동
[2018.12.16-07.19.59:927][779]LogSlate: FSceneViewport::OnFocusLost() reason 0
[2018.12.16-07.20.00:010][789]LogTemp: Repeating last play command: 선택된 뷰포트
[2018.12.16-07.20.00:041][789]LogPlayLevel: PlayLevel: No blueprints needed recompiling
[2018.12.16-07.20.00:053][789]PIE: New page: PIE 세션: Alpha (2018. 12. 17. 오전 1:20:00)
[2018.12.16-07.20.00:053][789]LogPlayLevel: Creating play world package: /Game/Maps/UEDPIE_0_Alpha
[2018.12.16-07.20.00:093][789]LogPlayLevel: PIE: StaticDuplicateObject took: (0.039814s)
[2018.12.16-07.20.00:093][789]LogAIModule: Creating AISystem for world Alpha
[2018.12.16-07.20.00:093][789]LogPlayLevel: PIE: World Init took: (0.000733s)
[2018.12.16-07.20.00:093][789]LogPlayLevel: PIE: Created PIE world by copying editor world from /Game/Maps/Alpha.Alpha to /Game/Maps/UEDPIE_0_Alpha.Alpha (0.040772s)
[2018.12.16-07.20.00:174][789]LogInit: XAudio2 using '스피커(Realtek High Definition Audio)' : 2 channels at 48 kHz using 32 bits per sample (channel mask 0x3)
[2018.12.16-07.20.00:250][789]LogInit: FAudioDevice initialized.
[2018.12.16-07.20.00:292][789]LogLoad: Game class is 'DebugGameMode_C'
[2018.12.16-07.20.00:313][789]LogWorld: Bringing World /Game/Maps/UEDPIE_0_Alpha.Alpha up for play (max tick rate 0) at 2018.12.16-16.20.00
[2018.12.16-07.20.00:316][789]LogWorld: Bringing up level for play took: 0.022755
[2018.12.16-07.20.00:332][789]LogContentBrowser: Native class hierarchy updated for 'MovieSceneCapture' in 0.0003 seconds. Added 10 classes and 0 folders.
[2018.12.16-07.20.00:342][789]PIE: /Game/Maps/UEDPIE_0_Alpha 에 대한 에디터에서 플레이 시작 시간: 0.319
[2018.12.16-07.20.00:343][789]LogBlueprintUserMessages: [EnemyBP_2] currentCState : INIT preCState : NULL
[2018.12.16-07.20.00:343][789]LogBlueprintUserMessages: [PlayerBP_C_0] currentCState : INIT preCState : NULL
[2018.12.16-07.20.00:388][790]LogBlueprintUserMessages: [EnemyBP_2] currentCState : IDLE preCState : INIT
[2018.12.16-07.20.00:388][790]LogBlueprintUserMessages: [PlayerBP_C_0] currentCState : IDLE preCState : INIT
[2018.12.16-07.20.00:398][791]LogBlueprintUserMessages: [EnemyBP_2] currentCState : WALK preCState : IDLE
[2018.12.16-07.20.06:615][496]LogSlate: FSceneViewport::OnFocusLost() reason 0
[2018.12.16-07.20.06:708][507]LogSlate: Updating window title bar state: overlay mode, drag disabled, window buttons hidden, title bar hidden
[2018.12.16-07.20.06:754][507]LogPlayLevel: Display: Shutting down PIE online subsystems
[2018.12.16-07.20.06:796][507]LogSlate: Updating window title bar state: overlay mode, drag disabled, window buttons hidden, title bar hidden
[2018.12.16-07.20.06:813][508]LogPlayLevel: Display: Destroying online subsystem :Context_9
[2018.12.16-07.20.08:325][688]LogSlate: FSceneViewport::OnFocusLost() reason 0
[2018.12.16-07.22.43:025][183]LogTemp: Repeating last play command: 선택된 뷰포트
[2018.12.16-07.22.43:056][183]LogPlayLevel: PlayLevel: No blueprints needed recompiling
[2018.12.16-07.22.43:056][183]PIE: New page: PIE 세션: Alpha (2018. 12. 17. 오전 1:22:43)
[2018.12.16-07.22.43:056][183]LogPlayLevel: Creating play world package: /Game/Maps/UEDPIE_0_Alpha
[2018.12.16-07.22.43:095][183]LogPlayLevel: PIE: StaticDuplicateObject took: (0.038991s)
[2018.12.16-07.22.43:095][183]LogAIModule: Creating AISystem for world Alpha
[2018.12.16-07.22.43:095][183]LogPlayLevel: PIE: World Init took: (0.000673s)
[2018.12.16-07.22.43:096][183]LogPlayLevel: PIE: Created PIE world by copying editor world from /Game/Maps/Alpha.Alpha to /Game/Maps/UEDPIE_0_Alpha.Alpha (0.039864s)
[2018.12.16-07.22.43:159][183]LogInit: XAudio2 using '스피커(Realtek High Definition Audio)' : 2 channels at 48 kHz using 32 bits per sample (channel mask 0x3)
[2018.12.16-07.22.43:222][183]LogInit: FAudioDevice initialized.
[2018.12.16-07.22.43:240][183]LogSlate: Updating window title bar state: overlay mode, drag disabled, window buttons hidden, title bar hidden
[2018.12.16-07.22.43:275][183]LogLoad: Game class is 'DebugGameMode_C'
[2018.12.16-07.22.43:296][183]LogWorld: Bringing World /Game/Maps/UEDPIE_0_Alpha.Alpha up for play (max tick rate 0) at 2018.12.16-16.22.43
[2018.12.16-07.22.43:299][183]LogWorld: Bringing up level for play took: 0.022447
[2018.12.16-07.22.43:324][183]PIE: /Game/Maps/UEDPIE_0_Alpha 에 대한 에디터에서 플레이 시작 시간: -0.7
[2018.12.16-07.22.43:325][183]LogBlueprintUserMessages: [EnemyBP_2] currentCState : INIT preCState : NULL
[2018.12.16-07.22.43:325][183]LogBlueprintUserMessages: [PlayerBP_C_0] currentCState : INIT preCState : NULL
[2018.12.16-07.22.43:397][184]LogBlueprintUserMessages: [EnemyBP_2] currentCState : IDLE preCState : INIT
[2018.12.16-07.22.43:397][184]LogBlueprintUserMessages: [PlayerBP_C_0] currentCState : IDLE preCState : INIT
[2018.12.16-07.22.43:413][185]LogBlueprintUserMessages: [EnemyBP_2] currentCState : WALK preCState : IDLE
[2018.12.16-07.22.57:411][634]LogSlate: Updating window title bar state: overlay mode, drag disabled, window buttons hidden, title bar hidden
[2018.12.16-07.22.57:437][634]LogSlate: Window 'Mankind 게임 미리보기 Standalone (64-비트/PCD3D_SM5)' being destroyed
[2018.12.16-07.22.57:498][634]LogPlayLevel: Display: Shutting down PIE online subsystems
[2018.12.16-07.22.57:650][635]LogPlayLevel: Display: Destroying online subsystem :Context_10
[2018.12.16-07.23.39:672][612]BlueprintLog: New page: HoverWheelBP 컴파일
[2018.12.16-07.23.40:460][649]LogTemp: Repeating last play command: 선택된 뷰포트
[2018.12.16-07.23.40:500][649]LogPlayLevel: PlayLevel: No blueprints needed recompiling
[2018.12.16-07.23.40:500][649]PIE: New page: PIE 세션: Alpha (2018. 12. 17. 오전 1:23:40)
[2018.12.16-07.23.40:500][649]LogPlayLevel: Creating play world package: /Game/Maps/UEDPIE_0_Alpha
[2018.12.16-07.23.40:543][649]LogPlayLevel: PIE: StaticDuplicateObject took: (0.043089s)
[2018.12.16-07.23.40:544][649]LogAIModule: Creating AISystem for world Alpha
[2018.12.16-07.23.40:544][649]LogPlayLevel: PIE: World Init took: (0.000600s)
[2018.12.16-07.23.40:544][649]LogPlayLevel: PIE: Created PIE world by copying editor world from /Game/Maps/Alpha.Alpha to /Game/Maps/UEDPIE_0_Alpha.Alpha (0.043878s)
[2018.12.16-07.23.40:603][649]LogInit: XAudio2 using '스피커(Realtek High Definition Audio)' : 2 channels at 48 kHz using 32 bits per sample (channel mask 0x3)
[2018.12.16-07.23.40:677][649]LogInit: FAudioDevice initialized.
[2018.12.16-07.23.40:697][649]LogSlate: Updating window title bar state: overlay mode, drag disabled, window buttons hidden, title bar hidden
[2018.12.16-07.23.40:733][649]LogLoad: Game class is 'DebugGameMode_C'
[2018.12.16-07.23.40:757][649]LogWorld: Bringing World /Game/Maps/UEDPIE_0_Alpha.Alpha up for play (max tick rate 0) at 2018.12.16-16.23.40
[2018.12.16-07.23.40:760][649]LogWorld: Bringing up level for play took: 0.025922
[2018.12.16-07.23.40:783][649]PIE: /Game/Maps/UEDPIE_0_Alpha 에 대한 에디터에서 플레이 시작 시간: 0.759
[2018.12.16-07.23.40:784][649]LogBlueprintUserMessages: [EnemyBP_2] currentCState : INIT preCState : NULL
[2018.12.16-07.23.40:784][649]LogBlueprintUserMessages: [PlayerBP_C_0] currentCState : INIT preCState : NULL
[2018.12.16-07.23.40:924][650]LogBlueprintUserMessages: [EnemyBP_2] currentCState : IDLE preCState : INIT
[2018.12.16-07.23.40:925][650]LogBlueprintUserMessages: [PlayerBP_C_0] currentCState : IDLE preCState : INIT
[2018.12.16-07.23.40:935][651]LogBlueprintUserMessages: [EnemyBP_2] currentCState : WALK preCState : IDLE
[2018.12.16-07.23.46:040][230]LogSlate: FSceneViewport::OnFocusLost() reason 0
[2018.12.16-07.23.46:127][240]LogSlate: Updating window title bar state: overlay mode, drag disabled, window buttons hidden, title bar hidden
[2018.12.16-07.23.46:152][240]LogSlate: Window 'Mankind 게임 미리보기 Standalone (64-비트/PCD3D_SM5)' being destroyed
[2018.12.16-07.23.46:197][240]LogPlayLevel: Display: Shutting down PIE online subsystems
[2018.12.16-07.23.46:266][241]LogPlayLevel: Display: Destroying online subsystem :Context_11
[2018.12.16-07.23.46:763][300]LogTemp: Repeating last play command: 선택된 뷰포트
[2018.12.16-07.23.46:793][300]LogPlayLevel: PlayLevel: No blueprints needed recompiling
[2018.12.16-07.23.46:793][300]PIE: New page: PIE 세션: Alpha (2018. 12. 17. 오전 1:23:46)
[2018.12.16-07.23.46:793][300]LogPlayLevel: Creating play world package: /Game/Maps/UEDPIE_0_Alpha
[2018.12.16-07.23.46:831][300]LogPlayLevel: PIE: StaticDuplicateObject took: (0.038255s)
[2018.12.16-07.23.46:832][300]LogAIModule: Creating AISystem for world Alpha
[2018.12.16-07.23.46:832][300]LogPlayLevel: PIE: World Init took: (0.000608s)
[2018.12.16-07.23.46:832][300]LogPlayLevel: PIE: Created PIE world by copying editor world from /Game/Maps/Alpha.Alpha to /Game/Maps/UEDPIE_0_Alpha.Alpha (0.039059s)
[2018.12.16-07.23.46:894][300]LogInit: XAudio2 using '스피커(Realtek High Definition Audio)' : 2 channels at 48 kHz using 32 bits per sample (channel mask 0x3)
[2018.12.16-07.23.46:969][300]LogInit: FAudioDevice initialized.
[2018.12.16-07.23.46:999][300]LogLoad: Game class is 'DebugGameMode_C'
[2018.12.16-07.23.47:020][300]LogWorld: Bringing World /Game/Maps/UEDPIE_0_Alpha.Alpha up for play (max tick rate 0) at 2018.12.16-16.23.47
[2018.12.16-07.23.47:022][300]LogWorld: Bringing up level for play took: 0.022363
[2018.12.16-07.23.47:045][300]PIE: /Game/Maps/UEDPIE_0_Alpha 에 대한 에디터에서 플레이 시작 시간: 1.021
[2018.12.16-07.23.47:046][300]LogBlueprintUserMessages: [EnemyBP_2] currentCState : INIT preCState : NULL
[2018.12.16-07.23.47:046][300]LogBlueprintUserMessages: [PlayerBP_C_0] currentCState : INIT preCState : NULL
[2018.12.16-07.23.47:062][301]LogBlueprintUserMessages: [EnemyBP_2] currentCState : IDLE preCState : INIT
[2018.12.16-07.23.47:063][301]LogBlueprintUserMessages: [PlayerBP_C_0] currentCState : IDLE preCState : INIT
[2018.12.16-07.23.47:076][302]LogBlueprintUserMessages: [EnemyBP_2] currentCState : WALK preCState : IDLE
[2018.12.16-07.24.03:156][181]LogEditorViewport: Clicking on Actor (LMB): PlayerBP_C (PlayerBP)
[2018.12.16-07.24.04:858][343]LogBlueprintUserMessages: [EnemyBP_2] Previous : -179.957153
[2018.12.16-07.24.04:858][343]LogBlueprintUserMessages: [EnemyBP_2] Target Angle : 0.042847P=0.000000 Y=-0.042847 R=0.000000
[2018.12.16-07.24.04:858][343]LogBlueprintUserMessages: [EnemyBP_2] Now : 179.999969
[2018.12.16-07.24.15:318][529]LogSlate: FSceneViewport::OnFocusLost() reason 0
[2018.12.16-07.24.15:441][540]LogSlate: Updating window title bar state: overlay mode, drag disabled, window buttons hidden, title bar hidden
[2018.12.16-07.24.15:488][540]LogPlayLevel: Display: Shutting down PIE online subsystems
[2018.12.16-07.24.15:538][540]LogSlate: Updating window title bar state: overlay mode, drag disabled, window buttons hidden, title bar hidden
[2018.12.16-07.24.15:557][541]LogPlayLevel: Display: Destroying online subsystem :Context_12
[2018.12.16-07.24.17:615][771]Cmd: OBJ SAVEPACKAGE PACKAGE="/Game/Maps/Alpha" FILE="../../../../../../../Projects/Mankind/Sources/Mankind/Content/Maps/Alpha.umap" SILENT=true AUTOSAVING=false KEEPDIRTY=false
[2018.12.16-07.24.18:474][771]LogSavePackage: Moving '../../../../../../../Projects/Mankind/Sources/Mankind/Saved/AlphaA0F6774047F2D9B4D8FA5E999D21DBB0.tmp' to '../../../../../../../Projects/Mankind/Sources/Mankind/Content/Maps/Alpha.umap'
[2018.12.16-07.24.18:528][771]LogFileHelpers: Saving map 'Alpha' took 0.993
[2018.12.16-07.24.18:794][771]LogSavePackage: Moving '../../../../../../../Projects/Mankind/Sources/Mankind/Saved/HoverWheelBP0896048D420DAD51BDF2B59C161B1253.tmp' to '../../../../../../../Projects/Mankind/Sources/Mankind/Content/Scripts/Blueprints/Classes/HoverWheel/HoverWheelBP.uasset'
[2018.12.16-07.24.39:224][ 58]LogActorComponent: UnregisterComponent: (/Engine/Transient.EditorFloorComp) Not registered. Aborting.
[2018.12.16-07.24.39:288][ 58]LogActorComponent: UnregisterComponent: (/Engine/Transient.EditorFloorComp) Not registered. Aborting.
[2018.12.16-07.24.39:354][ 58]LogSlate: Window 'Mankind - 언리얼 에디터' being destroyed
[2018.12.16-07.24.39:594][ 59]Cmd: QUIT_EDITOR
[2018.12.16-07.24.40:296][ 59]LogWindowsTextInputMethodSystem: Display: IME system now activated using TSF (Microsoft 입력기).
[2018.12.16-07.24.40:297][ 59]LogWindowsTextInputMethodSystem: Display: IME system now activated using TSF (Microsoft 입력기).
[2018.12.16-07.24.40:314][ 59]LogExit: Preparing to exit.
[2018.12.16-07.24.40:884][ 59]LogExit: Editor shut down
[2018.12.16-07.24.40:884][ 59]LogExit: Transaction tracking system shut down
[2018.12.16-07.24.41:301][ 59]LogExit: Object subsystem successfully closed.
[2018.12.16-07.24.41:327][ 59]LogShaderCompilers: Display: Shaders left to compile 0
[2018.12.16-07.24.41:330][ 59]LogD3D11RHI: Shutdown
[2018.12.16-07.24.41:330][ 59]LogD3D11RHI: CleanupD3DDevice
[2018.12.16-07.24.41:333][ 59]LogD3D11RHI: ~FD3D11DynamicRHI
[2018.12.16-07.24.41:343][ 59]LogModuleManager: Shutting down and abandoning module MovieSceneCapture (620)
[2018.12.16-07.24.41:343][ 59]LogModuleManager: Shutting down and abandoning module Voice (618)
[2018.12.16-07.24.41:343][ 59]LogModuleManager: Shutting down and abandoning module StaticMeshEditor (616)
[2018.12.16-07.24.41:343][ 59]LogModuleManager: Shutting down and abandoning module BlueprintGraph (614)
[2018.12.16-07.24.41:343][ 59]LogModuleManager: Shutting down and abandoning module HierarchicalLODOutliner (612)
[2018.12.16-07.24.41:343][ 59]LogModuleManager: Shutting down and abandoning module ExternalImagePicker (610)
[2018.12.16-07.24.41:343][ 59]LogModuleManager: Shutting down and abandoning module SceneOutliner (608)
[2018.12.16-07.24.41:343][ 59]LogModuleManager: Shutting down and abandoning module AddContentDialog (606)
[2018.12.16-07.24.41:343][ 59]LogModuleManager: Shutting down and abandoning module WidgetCarousel (605)
[2018.12.16-07.24.41:343][ 59]LogModuleManager: Shutting down and abandoning module EditorWidgets (602)
[2018.12.16-07.24.41:343][ 59]LogModuleManager: Shutting down and abandoning module CollectionManager (600)
[2018.12.16-07.24.41:344][ 59]LogModuleManager: Shutting down and abandoning module StatsViewer (598)
[2018.12.16-07.24.41:344][ 59]LogModuleManager: Shutting down and abandoning module FoliageEdit (596)
[2018.12.16-07.24.41:344][ 59]LogModuleManager: Shutting down and abandoning module LandscapeEditor (594)
[2018.12.16-07.24.41:344][ 59]LogModuleManager: Shutting down and abandoning module MeshPaintMode (592)
[2018.12.16-07.24.41:344][ 59]LogModuleManager: Shutting down and abandoning module SceneDepthPickerMode (590)
[2018.12.16-07.24.41:344][ 59]LogModuleManager: Shutting down and abandoning module ActorPickerMode (588)
[2018.12.16-07.24.41:344][ 59]LogModuleManager: Shutting down and abandoning module GeometryMode (586)
[2018.12.16-07.24.41:344][ 59]LogModuleManager: Shutting down and abandoning module TextureAlignMode (584)
[2018.12.16-07.24.41:344][ 59]LogModuleManager: Shutting down and abandoning module BspMode (582)
[2018.12.16-07.24.41:344][ 59]LogModuleManager: Shutting down and abandoning module PIEPreviewDeviceProfileSelector (580)
[2018.12.16-07.24.41:344][ 59]LogModuleManager: Shutting down and abandoning module SequenceRecorderSections (578)
[2018.12.16-07.24.41:344][ 59]LogModuleManager: Shutting down and abandoning module AutomationWorker (576)
[2018.12.16-07.24.41:344][ 59]LogModuleManager: Shutting down and abandoning module AudioCaptureEditor (574)
[2018.12.16-07.24.41:344][ 59]LogModuleManager: Shutting down and abandoning module SequenceRecorder (573)
[2018.12.16-07.24.41:344][ 59]LogModuleManager: Shutting down and abandoning module MatineeToLevelSequence (570)
[2018.12.16-07.24.41:344][ 59]LogModuleManager: Shutting down and abandoning module LevelSequenceEditor (568)
[2018.12.16-07.24.41:344][ 59]LogModuleManager: Shutting down and abandoning module PlacementMode (567)
[2018.12.16-07.24.41:344][ 59]LogModuleManager: Shutting down and abandoning module MaterialEditor (566)
[2018.12.16-07.24.41:344][ 59]LogModuleManager: Shutting down and abandoning module WmfMediaFactory (562)
[2018.12.16-07.24.41:344][ 59]LogModuleManager: Shutting down and abandoning module WmfMediaEditor (560)
[2018.12.16-07.24.41:344][ 59]LogModuleManager: Shutting down and abandoning module MediaPlayerEditor (558)
[2018.12.16-07.24.41:344][ 59]LogModuleManager: Shutting down and abandoning module OpenExrWrapper (556)
[2018.12.16-07.24.41:344][ 59]LogModuleManager: Shutting down and abandoning module ImgMediaFactory (554)
[2018.12.16-07.24.41:344][ 59]LogModuleManager: Shutting down and abandoning module ImgMediaEditor (552)
[2018.12.16-07.24.41:344][ 59]LogModuleManager: Shutting down and abandoning module AvfMediaFactory (550)
[2018.12.16-07.24.41:344][ 59]LogModuleManager: Shutting down and abandoning module AvfMediaEditor (548)
[2018.12.16-07.24.41:344][ 59]LogModuleManager: Shutting down and abandoning module AndroidMediaFactory (546)
[2018.12.16-07.24.41:344][ 59]LogModuleManager: Shutting down and abandoning module AndroidMediaEditor (544)
[2018.12.16-07.24.41:344][ 59]LogModuleManager: Shutting down and abandoning module MagicLeapCameraPreviewFactory (542)
[2018.12.16-07.24.41:344][ 59]LogModuleManager: Shutting down and abandoning module MagicLeapMediaFactory (540)
[2018.12.16-07.24.41:344][ 59]LogModuleManager: Shutting down and abandoning module MagicLeapMediaEditor (538)
[2018.12.16-07.24.41:344][ 59]LogModuleManager: Shutting down and abandoning module CharacterAI (536)
[2018.12.16-07.24.41:344][ 59]LogModuleManager: Shutting down and abandoning module SmartSnapping (534)
[2018.12.16-07.24.41:344][ 59]LogModuleManager: Shutting down and abandoning module SessionServices (532)
[2018.12.16-07.24.41:344][ 59]LogModuleManager: Shutting down and abandoning module ViewportSnapping (530)
[2018.12.16-07.24.41:344][ 59]LogModuleManager: Shutting down and abandoning module ViewportInteraction (528)
[2018.12.16-07.24.41:344][ 59]LogModuleManager: Shutting down and abandoning module ClothPainter (526)
[2018.12.16-07.24.41:344][ 59]LogModuleManager: Shutting down and abandoning module SkeletalMeshEditor (525)
[2018.12.16-07.24.41:344][ 59]LogModuleManager: Shutting down and abandoning module LogVisualizer (522)
[2018.12.16-07.24.41:344][ 59]LogModuleManager: Shutting down and abandoning module IntroTutorials (520)
[2018.12.16-07.24.41:345][ 59]LogModuleManager: Shutting down and abandoning module GameProjectGeneration (519)
[2018.12.16-07.24.41:345][ 59]LogModuleManager: Shutting down and abandoning module LuminPlatformEditor (516)
[2018.12.16-07.24.41:345][ 59]LogModuleManager: Shutting down and abandoning module IOSPlatformEditor (514)
[2018.12.16-07.24.41:345][ 59]LogModuleManager: Shutting down and abandoning module HTML5PlatformEditor (512)
[2018.12.16-07.24.41:345][ 59]LogModuleManager: Shutting down and abandoning module AndroidPlatformEditor (510)
[2018.12.16-07.24.41:345][ 59]LogModuleManager: Shutting down and abandoning module AndroidDeviceDetection (509)
[2018.12.16-07.24.41:775][ 59]LogModuleManager: Shutting down and abandoning module WindowsPlatformEditor (506)
[2018.12.16-07.24.41:775][ 59]LogModuleManager: Shutting down and abandoning module LuminRuntimeSettings (504)
[2018.12.16-07.24.41:775][ 59]LogModuleManager: Shutting down and abandoning module IOSRuntimeSettings (502)
[2018.12.16-07.24.41:775][ 59]LogModuleManager: Shutting down and abandoning module AndroidRuntimeSettings (500)
[2018.12.16-07.24.41:775][ 59]LogModuleManager: Shutting down and abandoning module InputBindingEditor (498)
[2018.12.16-07.24.41:775][ 59]LogModuleManager: Shutting down and abandoning module MergeActors (496)
[2018.12.16-07.24.41:775][ 59]LogModuleManager: Shutting down and abandoning module LocalizationDashboard (494)
[2018.12.16-07.24.41:775][ 59]LogModuleManager: Shutting down and abandoning module LocalizationService (493)
[2018.12.16-07.24.41:775][ 59]LogModuleManager: Shutting down and abandoning module HardwareTargeting (490)
[2018.12.16-07.24.41:775][ 59]LogModuleManager: Shutting down and abandoning module DeviceProfileEditor (488)
[2018.12.16-07.24.41:775][ 59]LogModuleManager: Shutting down and abandoning module UndoHistory (486)
[2018.12.16-07.24.41:775][ 59]LogModuleManager: Shutting down and abandoning module XmlParser (484)
[2018.12.16-07.24.41:775][ 59]LogModuleManager: Shutting down and abandoning module Blutility (482)
[2018.12.16-07.24.41:775][ 59]LogModuleManager: Shutting down and abandoning module ProjectSettingsViewer (480)
[2018.12.16-07.24.41:775][ 59]LogModuleManager: Shutting down and abandoning module ProjectTargetPlatformEditor (479)
[2018.12.16-07.24.41:776][ 59]LogModuleManager: Shutting down and abandoning module EditorSettingsViewer (476)
[2018.12.16-07.24.41:776][ 59]LogModuleManager: Shutting down and abandoning module SettingsEditor (474)
[2018.12.16-07.24.41:776][ 59]LogModuleManager: Shutting down and abandoning module ProjectLauncher (472)
[2018.12.16-07.24.41:776][ 59]LogModuleManager: Shutting down and abandoning module SessionFrontend (470)
[2018.12.16-07.24.41:776][ 59]LogModuleManager: Shutting down and abandoning module ProfilerClient (468)
[2018.12.16-07.24.41:776][ 59]LogModuleManager: Shutting down and abandoning module DeviceManager (466)
[2018.12.16-07.24.41:776][ 59]LogModuleManager: Shutting down and abandoning module TargetDeviceServices (465)
[2018.12.16-07.24.41:818][ 59]LogModuleManager: Shutting down and abandoning module AutomationController (462)
[2018.12.16-07.24.41:818][ 59]LogModuleManager: Shutting down and abandoning module AutomationWindow (460)
[2018.12.16-07.24.41:818][ 59]LogModuleManager: Shutting down and abandoning module Layers (458)
[2018.12.16-07.24.41:818][ 59]LogModuleManager: Shutting down and abandoning module ComponentVisualizers (456)
[2018.12.16-07.24.41:818][ 59]LogModuleManager: Shutting down and abandoning module DetailCustomizations (454)
[2018.12.16-07.24.41:818][ 59]LogModuleManager: Shutting down and abandoning module PackagesDialog (452)
[2018.12.16-07.24.41:818][ 59]LogModuleManager: Shutting down and abandoning module Persona (450)
[2018.12.16-07.24.41:818][ 59]LogModuleManager: Shutting down and abandoning module AdvancedPreviewScene (449)
[2018.12.16-07.24.41:818][ 59]LogModuleManager: Shutting down and abandoning module AnimGraph (447)
[2018.12.16-07.24.41:819][ 59]LogModuleManager: Shutting down and abandoning module Kismet (444)
[2018.12.16-07.24.41:824][ 59]LogModuleManager: Shutting down and abandoning module GraphEditor (442)
[2018.12.16-07.24.41:824][ 59]LogModuleManager: Shutting down and abandoning module ClassViewer (440)
[2018.12.16-07.24.41:824][ 59]LogModuleManager: Shutting down and abandoning module Toolbox (438)
[2018.12.16-07.24.41:824][ 59]LogModuleManager: Shutting down and abandoning module ModuleUI (436)
[2018.12.16-07.24.41:824][ 59]LogModuleManager: Shutting down and abandoning module MovieSceneTools (434)
[2018.12.16-07.24.41:824][ 59]LogModuleManager: Shutting down and abandoning module OutputLog (432)
[2018.12.16-07.24.41:825][ 59]LogModuleManager: Shutting down and abandoning module GammaUI (430)
[2018.12.16-07.24.41:825][ 59]LogModuleManager: Shutting down and abandoning module Documentation (428)
[2018.12.16-07.24.41:825][ 59]LogModuleManager: Shutting down and abandoning module MovieSceneTracks (426)
[2018.12.16-07.24.41:825][ 59]LogModuleManager: Shutting down and abandoning module MovieScene (424)
[2018.12.16-07.24.41:825][ 59]LogModuleManager: Shutting down and abandoning module StreamingPauseRendering (422)
[2018.12.16-07.24.41:825][ 59]LogModuleManager: Shutting down and abandoning module LauncherPlatform (420)
[2018.12.16-07.24.41:825][ 59]LogModuleManager: Shutting down and abandoning module AnalyticsET (418)
[2018.12.16-07.24.41:825][ 59]LogModuleManager: Shutting down and abandoning module PortalServices (416)
[2018.12.16-07.24.41:825][ 59]LogModuleManager: Shutting down and abandoning module PortalRpc (414)
[2018.12.16-07.24.41:825][ 59]LogModuleManager: Shutting down and abandoning module MessagingRpc (412)
[2018.12.16-07.24.41:825][ 59]LogModuleManager: Shutting down and abandoning module AIModule (410)
[2018.12.16-07.24.41:825][ 59]LogModuleManager: Shutting down and abandoning module GameplayDebugger (409)
[2018.12.16-07.24.41:825][ 59]LogModuleManager: Shutting down and abandoning module AITestSuite (407)
[2018.12.16-07.24.41:825][ 59]LogModuleManager: Shutting down and abandoning module NavigationSystem (405)
[2018.12.16-07.24.41:825][ 59]LogModuleManager: Shutting down and abandoning module DesktopPlatform (402)
[2018.12.16-07.24.41:825][ 59]LogModuleManager: Shutting down and abandoning module ProfilerService (400)
[2018.12.16-07.24.41:972][ 59]LogModuleManager: Shutting down and abandoning module TaskGraph (398)
[2018.12.16-07.24.41:972][ 59]LogModuleManager: Shutting down and abandoning module SteamVRController (396)
[2018.12.16-07.24.41:972][ 59]LogModuleManager: Shutting down and abandoning module ProceduralMeshComponentEditor (394)
[2018.12.16-07.24.41:972][ 59]LogModuleManager: Shutting down and abandoning module ProceduralMeshComponent (392)
[2018.12.16-07.24.41:972][ 59]LogModuleManager: Shutting down and abandoning module OculusInput (390)
[2018.12.16-07.24.41:972][ 59]LogModuleManager: Shutting down and abandoning module MobilePatchingUtils (388)
[2018.12.16-07.24.41:972][ 59]LogModuleManager: Shutting down and abandoning module EditableMesh (386)
[2018.12.16-07.24.41:972][ 59]LogModuleManager: Shutting down and abandoning module CustomMeshComponent (384)
[2018.12.16-07.24.41:972][ 59]LogModuleManager: Shutting down and abandoning module CableComponent (382)
[2018.12.16-07.24.41:972][ 59]LogModuleManager: Shutting down and abandoning module AudioCapture (380)
[2018.12.16-07.24.41:972][ 59]LogModuleManager: Shutting down and abandoning module ArchVisCharacter (378)
[2018.12.16-07.24.41:972][ 59]LogModuleManager: Shutting down and abandoning module AndroidPermission (376)
[2018.12.16-07.24.41:972][ 59]LogModuleManager: Shutting down and abandoning module NUTUnrealEngine4 (374)
[2018.12.16-07.24.41:972][ 59]LogModuleManager: Shutting down and abandoning module NetcodeUnitTest (372)
[2018.12.16-07.24.41:972][ 59]LogModuleManager: Shutting down and abandoning module MediaCompositingEditor (370)
[2018.12.16-07.24.41:972][ 59]LogModuleManager: Shutting down and abandoning module MediaCompositing (368)
[2018.12.16-07.24.41:972][ 59]LogModuleManager: Shutting down and abandoning module LinearTimecode (366)
[2018.12.16-07.24.41:972][ 59]LogModuleManager: Shutting down and abandoning module ImgMedia (364)
[2018.12.16-07.24.41:977][ 59]LogModuleManager: Shutting down and abandoning module HTML5Networking (362)
[2018.12.16-07.24.41:977][ 59]LogModuleManager: Shutting down and abandoning module GeometryCacheTracks (360)
[2018.12.16-07.24.41:977][ 59]LogModuleManager: Shutting down and abandoning module GeometryCacheSequencer (358)
[2018.12.16-07.24.41:977][ 59]LogModuleManager: Shutting down and abandoning module BackChannel (356)
[2018.12.16-07.24.41:977][ 59]LogModuleManager: Shutting down and abandoning module AppleVision (354)
[2018.12.16-07.24.41:977][ 59]LogModuleManager: Shutting down and abandoning module AppleImageUtils (352)
[2018.12.16-07.24.41:977][ 59]LogModuleManager: Shutting down and abandoning module AlembicImporter (350)
[2018.12.16-07.24.41:977][ 59]LogModuleManager: Shutting down and abandoning module AlembicLibrary (349)
[2018.12.16-07.24.41:977][ 59]LogModuleManager: Shutting down and abandoning module GeometryCache (348)
[2018.12.16-07.24.41:977][ 59]LogModuleManager: Shutting down and abandoning module GeometryCacheEd (347)
[2018.12.16-07.24.41:977][ 59]LogModuleManager: Shutting down and abandoning module DatasmithContentEditor (342)
[2018.12.16-07.24.41:977][ 59]LogModuleManager: Shutting down and abandoning module DatasmithContent (340)
[2018.12.16-07.24.41:978][ 59]LogModuleManager: Shutting down and abandoning module SpeedTreeImporter (338)
[2018.12.16-07.24.41:978][ 59]LogModuleManager: Shutting down and abandoning module PluginBrowser (336)
[2018.12.16-07.24.41:978][ 59]LogModuleManager: Shutting down and abandoning module MobileLauncherProfileWizard (334)
[2018.12.16-07.24.41:978][ 59]LogModuleManager: Shutting down and abandoning module PolygonModeling (332)
[2018.12.16-07.24.41:978][ 59]LogModuleManager: Shutting down and abandoning module MeshEditor (330)
[2018.12.16-07.24.41:978][ 59]LogModuleManager: Shutting down and abandoning module CryptoKeysOpenSSL (328)
[2018.12.16-07.24.41:978][ 59]LogModuleManager: Shutting down and abandoning module CryptoKeys (326)
[2018.12.16-07.24.41:978][ 59]LogModuleManager: Shutting down and abandoning module VisualStudioSourceCodeAccess (324)
[2018.12.16-07.24.41:978][ 59]LogModuleManager: Shutting down and abandoning module VisualStudioCodeSourceCodeAccess (322)
[2018.12.16-07.24.41:978][ 59]LogModuleManager: Shutting down and abandoning module UObjectPlugin (320)
[2018.12.16-07.24.41:978][ 59]LogModuleManager: Shutting down and abandoning module SubversionSourceControl (318)
[2018.12.16-07.24.41:978][ 59]LogModuleManager: Shutting down and abandoning module PerforceSourceControl (316)
[2018.12.16-07.24.41:978][ 59]LogModuleManager: Shutting down and abandoning module GitSourceControl (314)
[2018.12.16-07.24.41:978][ 59]LogModuleManager: Shutting down and abandoning module SourceControl (313)
[2018.12.16-07.24.41:978][ 59]LogModuleManager: Shutting down and abandoning module CLionSourceCodeAccess (310)
[2018.12.16-07.24.41:978][ 59]LogModuleManager: Shutting down and abandoning module LightPropagationVolumeEditor (308)
[2018.12.16-07.24.41:978][ 59]LogModuleManager: Shutting down and abandoning module PaperTiledImporter (306)
[2018.12.16-07.24.41:978][ 59]LogModuleManager: Shutting down and abandoning module PaperSpriteSheetImporter (304)
[2018.12.16-07.24.41:978][ 59]LogModuleManager: Shutting down and abandoning module Paper2DEditor (302)
[2018.12.16-07.24.41:978][ 59]LogModuleManager: Shutting down and abandoning module MeshPaint (301)
[2018.12.16-07.24.41:978][ 59]LogModuleManager: Shutting down and abandoning module RuntimePhysXCooking (298)
[2018.12.16-07.24.41:978][ 59]LogModuleManager: Shutting down and abandoning module PhysXVehiclesEditor (296)
[2018.12.16-07.24.41:978][ 59]LogModuleManager: Shutting down and abandoning module PhysXVehicles (294)
[2018.12.16-07.24.41:978][ 59]LogModuleManager: Shutting down and abandoning module OculusEditor (292)
[2018.12.16-07.24.41:978][ 59]LogModuleManager: Shutting down and abandoning module LocationServicesBPLibrary (290)
[2018.12.16-07.24.41:978][ 59]LogModuleManager: Shutting down and abandoning module ImmediatePhysicsEditor (288)
[2018.12.16-07.24.41:978][ 59]LogModuleManager: Shutting down and abandoning module ImmediatePhysics (286)
[2018.12.16-07.24.41:978][ 59]LogModuleManager: Shutting down and abandoning module ActorSequence (284)
[2018.12.16-07.24.41:978][ 59]LogModuleManager: Shutting down and abandoning module UdpMessaging (282)
[2018.12.16-07.24.42:079][ 59]LogModuleManager: Shutting down and abandoning module TcpMessaging (280)
[2018.12.16-07.24.42:180][ 59]LogModuleManager: Shutting down and abandoning module MagicLeapAudio (278)
[2018.12.16-07.24.42:180][ 59]LogModuleManager: Shutting down and abandoning module GameplayTagsEditor (276)
[2018.12.16-07.24.42:180][ 59]LogModuleManager: Shutting down and abandoning module FacialAnimationEditor (274)
[2018.12.16-07.24.42:180][ 59]LogModuleManager: Shutting down and abandoning module FacialAnimation (272)
[2018.12.16-07.24.42:180][ 59]LogModuleManager: Shutting down and abandoning module DataValidation (270)
[2018.12.16-07.24.42:180][ 59]LogModuleManager: Shutting down and abandoning module AssetManagerEditor (268)
[2018.12.16-07.24.42:180][ 59]LogModuleManager: Shutting down and abandoning module LevelEditor (267)
[2018.12.16-07.24.42:180][ 59]LogModuleManager: Shutting down and abandoning module PixelInspectorModule (266)
[2018.12.16-07.24.42:180][ 59]LogModuleManager: Shutting down and abandoning module CommonMenuExtensions (264)
[2018.12.16-07.24.42:180][ 59]LogModuleManager: Shutting down and abandoning module MainFrame (262)
[2018.12.16-07.24.42:180][ 59]LogModuleManager: Shutting down and abandoning module HotReload (261)
[2018.12.16-07.24.42:181][ 59]LogModuleManager: Shutting down and abandoning module ContentBrowser (257)
[2018.12.16-07.24.42:182][ 59]LogModuleManager: Shutting down and abandoning module TreeMap (255)
[2018.12.16-07.24.42:182][ 59]LogModuleManager: Shutting down and abandoning module LightPropagationVolumeRuntime (252)
[2018.12.16-07.24.42:182][ 59]LogModuleManager: Shutting down and abandoning module AISupportModule (250)
[2018.12.16-07.24.42:182][ 59]LogModuleManager: Shutting down and abandoning module Paper2D (248)
[2018.12.16-07.24.42:182][ 59]LogModuleManager: Shutting down and abandoning module WindowsMoviePlayer (246)
[2018.12.16-07.24.42:182][ 59]LogModuleManager: Shutting down and abandoning module WmfMedia (244)
[2018.12.16-07.24.42:183][ 59]LogModuleManager: Shutting down and abandoning module Media (243)
[2018.12.16-07.24.42:189][ 59]LogModuleManager: Shutting down and abandoning module PacketHandler (240)
[2018.12.16-07.24.42:189][ 59]LogModuleManager: Shutting down and abandoning module ClothingSystemEditor (238)
[2018.12.16-07.24.42:189][ 59]LogModuleManager: Shutting down and abandoning module ClothingSystemRuntime (236)
[2018.12.16-07.24.42:189][ 59]LogModuleManager: Shutting down and abandoning module MediaAssets (234)
[2018.12.16-07.24.42:190][ 59]LogModuleManager: Shutting down and abandoning module Overlay (232)
[2018.12.16-07.24.42:190][ 59]LogModuleManager: Shutting down and abandoning module OverlayEditor (231)
[2018.12.16-07.24.42:190][ 59]LogModuleManager: Shutting down and abandoning module VREditor (228)
[2018.12.16-07.24.42:190][ 59]LogModuleManager: Shutting down and abandoning module StringTableEditor (226)
[2018.12.16-07.24.42:190][ 59]LogModuleManager: Shutting down and abandoning module GameplayTasksEditor (224)
[2018.12.16-07.24.42:190][ 59]LogModuleManager: Shutting down and abandoning module BehaviorTreeEditor (222)
[2018.12.16-07.24.42:190][ 59]LogModuleManager: Shutting down and abandoning module FunctionalTesting (220)
[2018.12.16-07.24.42:190][ 59]LogModuleManager: Shutting down and abandoning module CollisionAnalyzer (218)
[2018.12.16-07.24.42:190][ 59]LogModuleManager: Shutting down and abandoning module WorkspaceMenuStructure (217)
[2018.12.16-07.24.42:190][ 59]LogModuleManager: Shutting down and abandoning module UMG (214)
[2018.12.16-07.24.42:190][ 59]LogModuleManager: Shutting down and abandoning module UMGEditor (213)
[2018.12.16-07.24.42:190][ 59]LogModuleManager: Shutting down and abandoning module Sequencer (212)
[2018.12.16-07.24.42:190][ 59]LogModuleManager: Shutting down and abandoning module MessageLog (209)
[2018.12.16-07.24.42:190][ 59]LogModuleManager: Shutting down and abandoning module SlateReflector (204)
[2018.12.16-07.24.42:190][ 59]LogModuleManager: Shutting down and abandoning module Slate (202)
[2018.12.16-07.24.42:190][ 59]LogModuleManager: Shutting down and abandoning module EditorStyle (200)
[2018.12.16-07.24.42:192][ 59]LogModuleManager: Shutting down and abandoning module MRMesh (198)
[2018.12.16-07.24.42:192][ 59]LogModuleManager: Shutting down and abandoning module SourceCodeAccess (196)
[2018.12.16-07.24.42:192][ 59]LogModuleManager: Shutting down and abandoning module HeadMountedDisplay (194)
[2018.12.16-07.24.42:192][ 59]LogModuleManager: Shutting down and abandoning module XAudio2 (192)
[2018.12.16-07.24.42:192][ 59]LogModuleManager: Shutting down and abandoning module Networking (190)
[2018.12.16-07.24.42:192][ 59]LogModuleManager: Shutting down and abandoning module Core (188)
[2018.12.16-07.24.42:192][ 59]LogModuleManager: Shutting down and abandoning module LevelSequence (186)
[2018.12.16-07.24.42:192][ 59]LogModuleManager: Shutting down and abandoning module KismetCompiler (184)
[2018.12.16-07.24.42:192][ 59]LogModuleManager: Shutting down and abandoning module MeshUtilities (182)
[2018.12.16-07.24.42:192][ 59]LogModuleManager: Shutting down and abandoning module MeshMergeUtilities (181)
[2018.12.16-07.24.42:192][ 59]LogModuleManager: Shutting down and abandoning module MeshReductionInterface (180)
[2018.12.16-07.24.42:192][ 59]LogModuleManager: Shutting down and abandoning module SimplygonSwarm (179)
[2018.12.16-07.24.42:192][ 59]LogModuleManager: Shutting down and abandoning module ProxyLODMeshReduction (177)
[2018.12.16-07.24.42:192][ 59]LogModuleManager: Shutting down and abandoning module SimplygonMeshReduction (175)
[2018.12.16-07.24.42:192][ 59]LogModuleManager: Shutting down and abandoning module QuadricMeshReduction (173)
[2018.12.16-07.24.42:192][ 59]LogModuleManager: Shutting down and abandoning module MaterialBaking (169)
[2018.12.16-07.24.42:192][ 59]LogModuleManager: Shutting down and abandoning module DirectoryWatcher (165)
[2018.12.16-07.24.42:192][ 59]LogModuleManager: Shutting down and abandoning module DerivedDataCache (162)
[2018.12.16-07.24.42:261][ 59]LogDerivedDataCache: Shutdown
[2018.12.16-07.24.42:261][ 59]LogModuleManager: Shutting down and abandoning module XGEController (160)
[2018.12.16-07.24.42:261][ 59]LogXGEController: Cleaning working directory: C:/Users/Jun-Hyeok Lim/AppData/Local/Temp/UnrealXGEWorkingDir/
[2018.12.16-07.24.42:261][ 59]LogModuleManager: Shutting down and abandoning module TargetPlatform (158)
[2018.12.16-07.24.42:261][ 59]LogModuleManager: Shutting down and abandoning module VulkanShaderFormat (157)
[2018.12.16-07.24.42:261][ 59]LogModuleManager: Shutting down and abandoning module ShaderFormatVectorVM (155)
[2018.12.16-07.24.42:261][ 59]LogModuleManager: Shutting down and abandoning module ShaderFormatOpenGL (153)
[2018.12.16-07.24.42:261][ 59]LogModuleManager: Shutting down and abandoning module ShaderFormatD3D (151)
[2018.12.16-07.24.42:261][ 59]LogModuleManager: Shutting down and abandoning module MetalShaderFormat (149)
[2018.12.16-07.24.42:261][ 59]LogModuleManager: Shutting down and abandoning module TextureFormatUncompressed (147)
[2018.12.16-07.24.42:261][ 59]LogModuleManager: Shutting down and abandoning module TextureFormatPVR (145)
[2018.12.16-07.24.42:261][ 59]LogModuleManager: Shutting down and abandoning module TextureFormatDXT (143)
[2018.12.16-07.24.42:261][ 59]LogModuleManager: Shutting down and abandoning module TextureFormatIntelISPCTexComp (141)
[2018.12.16-07.24.42:262][ 59]LogModuleManager: Shutting down and abandoning module TextureFormatASTC (139)
[2018.12.16-07.24.42:262][ 59]LogModuleManager: Shutting down and abandoning module ImageWrapper (138)
[2018.12.16-07.24.42:262][ 59]LogModuleManager: Shutting down and abandoning module TextureFormatAndroid (135)
[2018.12.16-07.24.42:262][ 59]LogModuleManager: Shutting down and abandoning module AudioFormatOpus (133)
[2018.12.16-07.24.42:262][ 59]LogModuleManager: Shutting down and abandoning module AudioFormatOgg (131)
[2018.12.16-07.24.42:262][ 59]LogModuleManager: Shutting down and abandoning module AudioFormatADPCM (129)
[2018.12.16-07.24.42:262][ 59]LogModuleManager: Shutting down and abandoning module LuminTargetPlatform (127)
[2018.12.16-07.24.42:262][ 59]LogModuleManager: Shutting down and abandoning module LinuxTargetPlatform (125)
[2018.12.16-07.24.42:262][ 59]LogModuleManager: Shutting down and abandoning module LinuxServerTargetPlatform (123)
[2018.12.16-07.24.42:262][ 59]LogModuleManager: Shutting down and abandoning module LinuxNoEditorTargetPlatform (121)
[2018.12.16-07.24.42:262][ 59]LogModuleManager: Shutting down and abandoning module LinuxClientTargetPlatform (119)
[2018.12.16-07.24.42:262][ 59]LogModuleManager: Shutting down and abandoning module TVOSTargetPlatform (117)
[2018.12.16-07.24.42:262][ 59]LogModuleManager: Shutting down and abandoning module Messaging (115)
[2018.12.16-07.24.42:262][ 59]LogModuleManager: Shutting down and abandoning module IOSTargetPlatform (113)
[2018.12.16-07.24.42:263][ 59]LogModuleManager: Shutting down and abandoning module HTML5TargetPlatform (111)
[2018.12.16-07.24.42:263][ 59]LogModuleManager: Shutting down and abandoning module AndroidTargetPlatform (109)
[2018.12.16-07.24.42:269][ 59]LogModuleManager: Shutting down and abandoning module WindowsTargetPlatform (107)
[2018.12.16-07.24.42:269][ 59]LogModuleManager: Shutting down and abandoning module WindowsServerTargetPlatform (105)
[2018.12.16-07.24.42:269][ 59]LogModuleManager: Shutting down and abandoning module WindowsNoEditorTargetPlatform (103)
[2018.12.16-07.24.42:269][ 59]LogModuleManager: Shutting down and abandoning module WindowsClientTargetPlatform (101)
[2018.12.16-07.24.42:270][ 59]LogModuleManager: Shutting down and abandoning module MacTargetPlatform (99)
[2018.12.16-07.24.42:270][ 59]LogModuleManager: Shutting down and abandoning module MacServerTargetPlatform (97)
[2018.12.16-07.24.42:270][ 59]LogModuleManager: Shutting down and abandoning module MacNoEditorTargetPlatform (95)
[2018.12.16-07.24.42:270][ 59]LogModuleManager: Shutting down and abandoning module MacClientTargetPlatform (93)
[2018.12.16-07.24.42:270][ 59]LogModuleManager: Shutting down and abandoning module AllDesktopTargetPlatform (91)
[2018.12.16-07.24.42:270][ 59]LogModuleManager: Shutting down and abandoning module InputCore (88)
[2018.12.16-07.24.42:270][ 59]LogModuleManager: Shutting down and abandoning module Settings (86)
[2018.12.16-07.24.42:270][ 59]LogModuleManager: Shutting down and abandoning module PhysXCooking (84)
[2018.12.16-07.24.42:270][ 59]LogModuleManager: Shutting down and abandoning module SteamVR (82)
[2018.12.16-07.24.42:270][ 59]LogModuleManager: Shutting down and abandoning module OculusHMD (80)
[2018.12.16-07.24.42:270][ 59]LogModuleManager: Shutting down and abandoning module ExampleDeviceProfileSelector (78)
[2018.12.16-07.24.42:270][ 59]LogModuleManager: Shutting down and abandoning module LauncherChunkInstaller (76)
[2018.12.16-07.24.42:270][ 59]LogModuleManager: Shutting down and abandoning module OnlineBlueprintSupport (74)
[2018.12.16-07.24.42:270][ 59]LogModuleManager: Shutting down and abandoning module OnlineSubsystem (70)
[2018.12.16-07.24.42:271][ 59]LogModuleManager: Shutting down and abandoning module XMPP (65)
[2018.12.16-07.24.42:271][ 59]LogModuleManager: Shutting down and abandoning module WebSockets (64)
[2018.12.16-07.24.42:305][ 59]LogModuleManager: Shutting down and abandoning module HTTP (61)
[2018.12.16-07.24.42:305][ 59]LogHttp: Display: Http module shutting down, but needs to wait on 1 outstanding Http requests:
[2018.12.16-07.24.42:305][ 59]LogHttp: Display: 	verb=[POST] url=[https://datarouter.ol.epicgames.com/datarouter/api/v1/public/data?SessionID=%7B5CFFBE19-419E-A8D0-8840-8CA6372DB97C%7D&AppID=UEEditor.Rocket.Release&AppVersion=4.20.3-4369336%2B%2B%2BUE4%2BRelease-4.20&UserID=3d8d3098438162fe580d1e85cffeba3d%7C0f3f22dcb5734492973e40a78d661983%7Ca21bf054-8d5b-4932-bc08-cb7b4a4a4b3f&AppEnvironment=datacollector-binary&UploadType=eteventstream] status=Processing
[2018.12.16-07.24.42:337][ 59]LogModuleManager: Shutting down and abandoning module SSL (60)
[2018.12.16-07.24.42:338][ 59]LogModuleManager: Shutting down and abandoning module MagicLeapEmulator (56)
[2018.12.16-07.24.42:338][ 59]LogModuleManager: Shutting down and abandoning module MagicLeapPrivileges (54)
[2018.12.16-07.24.42:338][ 59]LogModuleManager: Shutting down and abandoning module MagicLeapIdentity (52)
[2018.12.16-07.24.42:338][ 59]LogModuleManager: Shutting down and abandoning module MagicLeapHelperVulkan (50)
[2018.12.16-07.24.42:338][ 59]LogModuleManager: Shutting down and abandoning module MagicLeapHelperOpenGL (48)
[2018.12.16-07.24.42:338][ 59]LogModuleManager: Shutting down and abandoning module MagicLeapSecureStorage (46)
[2018.12.16-07.24.42:338][ 59]LogModuleManager: Shutting down and abandoning module MagicLeapGestures (44)
[2018.12.16-07.24.42:338][ 59]LogModuleManager: Shutting down and abandoning module MagicLeapEyeTracker (42)
[2018.12.16-07.24.42:338][ 59]LogModuleManager: Shutting down and abandoning module MagicLeapController (40)
[2018.12.16-07.24.42:338][ 59]LogSlate: Slate User Destroyed.  User Index 0, Is Virtual User: 0
[2018.12.16-07.24.42:338][ 59]LogModuleManager: Shutting down and abandoning module MagicLeap (38)
[2018.12.16-07.24.42:338][ 59]LogModuleManager: Shutting down and abandoning module AnimationModifiers (36)
[2018.12.16-07.24.42:338][ 59]LogModuleManager: Shutting down and abandoning module PropertyEditor (35)
[2018.12.16-07.24.42:339][ 59]LogModuleManager: Shutting down and abandoning module AudioEditor (32)
[2018.12.16-07.24.42:339][ 59]LogModuleManager: Shutting down and abandoning module TextureCompressor (30)
[2018.12.16-07.24.42:339][ 59]LogModuleManager: Shutting down and abandoning module ShaderCore (28)
[2018.12.16-07.24.42:339][ 59]LogModuleManager: Shutting down and abandoning module Landscape (26)
[2018.12.16-07.24.42:339][ 59]LogModuleManager: Shutting down and abandoning module SlateRHIRenderer (24)
[2018.12.16-07.24.42:340][ 59]LogModuleManager: Shutting down and abandoning module OpenGLDrv (22)
[2018.12.16-07.24.42:340][ 59]LogModuleManager: Shutting down and abandoning module D3D11RHI (20)
[2018.12.16-07.24.42:340][ 59]LogModuleManager: Shutting down and abandoning module AnimGraphRuntime (18)
[2018.12.16-07.24.42:340][ 59]LogModuleManager: Shutting down and abandoning module Renderer (16)
[2018.12.16-07.24.42:340][ 59]LogModuleManager: Shutting down and abandoning module Engine (14)
[2018.12.16-07.24.42:340][ 59]LogModuleManager: Shutting down and abandoning module CoreUObject (12)
[2018.12.16-07.24.42:340][ 59]LogModuleManager: Shutting down and abandoning module NetworkFile (10)
[2018.12.16-07.24.42:340][ 59]LogModuleManager: Shutting down and abandoning module CookedIterativeFile (8)
[2018.12.16-07.24.42:340][ 59]LogModuleManager: Shutting down and abandoning module StreamingFile (6)
[2018.12.16-07.24.42:340][ 59]LogModuleManager: Shutting down and abandoning module SandboxFile (4)
[2018.12.16-07.24.42:340][ 59]LogModuleManager: Shutting down and abandoning module PakFile (2)
[2018.12.16-07.24.42:357][ 59]LogExit: Exiting.
[2018.12.16-07.24.42:359][ 59]Log file closed, 12/16/18 16:24:42
